2023-05-16 11:51:15,719 - INFO - A Candidate Successfully registereddonkey
2023-05-16 12:02:37,272 - INFO - New tables are created
2023-05-16 12:02:38,885 - INFO - New tables are created
2023-05-16 12:04:24,539 - INFO - New tables are created
2023-05-16 12:04:51,972 - INFO - New tables are created
2023-05-16 12:05:36,300 - INFO - New tables are created
2023-05-16 12:05:37,559 - INFO - New tables are created
2023-05-16 12:06:45,710 - INFO - A Candidate Successfully registered ragu
2023-05-16 12:06:50,203 - INFO - A Candidate Successfully logged in ragu
2023-05-16 12:06:58,675 - INFO - A Candidate Successfully logged in ragu
2023-05-16 12:07:56,331 - INFO - New tables are created
2023-05-16 12:08:02,469 - INFO - A Candidate Successfully logged in ragu
2023-05-16 12:08:02,478 - INFO - A Candidate Successfully used candidate dashboard 1
2023-05-16 12:09:56,095 - INFO - New tables are created
2023-05-16 12:10:24,011 - INFO - checked their cv ragu
2023-05-16 12:10:24,037 - INFO - A Candidate Successfully used candidate dashboard 1
2023-05-16 12:10:42,818 - INFO - A Candidate Successfully used candidate dashboard 1
2023-05-16 12:10:44,698 - INFO - Logged out
2023-05-16 12:11:00,558 - INFO - A Employer Successfully logged in mad
2023-05-16 12:11:00,566 - INFO - A Employer Successfully used employer dashboard 1
2023-05-16 12:11:08,229 - INFO - Employer changed their settings 1 madu
2023-05-16 12:11:08,238 - INFO - A Employer Successfully used employer dashboard 1
2023-05-16 12:15:34,357 - INFO - A Candidate Successfully logged in ragu
2023-05-16 12:15:34,366 - INFO - A Candidate Successfully used candidate dashboard 1
2023-05-16 12:15:52,177 - INFO - A Candidate Successfully used candidate dashboard 1
2023-05-16 12:15:53,219 - INFO - Logged out
2023-05-16 12:16:34,770 - INFO - A Employer Successfully logged in madula
2023-05-16 12:16:34,778 - INFO - A Employer Successfully used employer dashboard 2
2023-05-16 12:16:53,838 - INFO - A Employer Successfully used employer dashboard 2
2023-05-16 12:16:55,399 - INFO - A Employer Successfully used employer dashboard 2
2023-05-16 12:18:19,464 - INFO - A Employer Successfully used employer dashboard 2
2023-05-16 12:25:02,720 - INFO - A Employer Successfully used employer dashboard 2
2023-05-16 12:35:14,065 - INFO - A Employer Successfully used employer dashboard 2
2023-05-16 12:36:24,972 - INFO - A Employer Successfully used employer dashboard 2
2023-05-16 12:38:23,664 - INFO - A Employer Successfully used employer dashboard 2
2023-05-16 12:38:55,751 - INFO - A Employer Successfully used employer dashboard 2
2023-05-16 12:40:42,465 - INFO - Logged out
2023-05-16 12:43:10,219 - INFO - A Candidate Successfully logged in ragu
2023-05-16 12:43:10,228 - INFO - A Candidate Successfully used candidate dashboard 1
2023-05-16 12:44:29,195 - INFO - A Candidate Successfully used candidate dashboard 1
2023-05-16 12:44:31,643 - INFO - A Candidate Successfully used candidate dashboard 1
2023-05-16 12:46:12,855 - INFO - A Candidate Successfully used candidate dashboard 1
2023-05-16 12:46:14,936 - INFO - Logged out
2023-05-16 12:47:47,525 - INFO - A Employer Successfully logged in madula
2023-05-16 12:47:47,536 - INFO - A Employer Successfully used employer dashboard 2
2023-05-16 13:43:32,147 - INFO - New tables are created
2023-05-16 13:43:33,555 - INFO - New tables are created
2023-05-16 13:46:57,941 - INFO - A Candidate Successfully registered duwarakan
2023-05-16 13:47:08,753 - INFO - A Candidate Successfully logged in duwarakan
2023-05-16 13:47:08,771 - INFO - A Candidate Successfully used candidate dashboard 6
2023-05-16 13:47:58,424 - INFO - Candidate changed their settings 6 duwarakan123
2023-05-16 13:47:58,436 - INFO - A Candidate Successfully used candidate dashboard 6
2023-05-16 13:49:23,859 - INFO - checked their cv duwarakan
2023-05-16 13:49:23,897 - INFO - A Candidate Successfully used candidate dashboard 6
2023-05-16 13:49:54,126 - INFO - A Candidate Successfully used candidate dashboard 6
2023-05-16 13:49:55,631 - INFO - Logged out
2023-05-16 13:50:20,432 - INFO - New tables are created
2023-05-16 13:50:24,661 - INFO - A Employer Successfully logged in kingston
2023-05-16 13:50:24,673 - INFO - A Employer Successfully used employer dashboard 6
2023-05-16 13:53:14,570 - INFO - A Employer Successfully used employer dashboard 6
2023-05-16 13:53:41,950 - INFO - Logged out
2023-05-19 03:58:08,927 - INFO - New tables are created
2023-05-19 03:58:10,235 - INFO - New tables are created
2023-05-21 00:02:42,613 - INFO - New tables are created
2023-05-21 00:02:43,933 - INFO - New tables are created
2023-05-21 00:12:00,153 - INFO - New tables are created
2023-05-21 00:12:01,449 - INFO - New tables are created
2023-05-21 01:37:09,612 - INFO - New tables are created
2023-05-21 01:38:20,761 - INFO - New tables are created
2023-05-21 01:39:14,763 - INFO - New tables are created
2023-05-21 01:39:15,793 - INFO - New tables are created
2023-05-21 01:39:24,654 - INFO - New tables are created
2023-05-21 01:39:25,682 - INFO - New tables are created
2023-05-21 01:49:57,192 - INFO - New tables are created
2023-05-21 01:52:46,792 - INFO - New tables are created
2023-05-21 02:16:02,922 - INFO - New tables are created
2023-05-21 02:21:58,763 - INFO - New tables are created
2023-05-21 02:22:00,584 - INFO - New tables are created
2023-05-21 02:23:36,225 - INFO - New tables are created
